<?xml version="1.0" encoding="UTF-8"?>
<coverage generated="1734581228128" clover="3.2.0">
  <project timestamp="1734581228131" name="All files">
    <metrics statements="10" coveredstatements="10" conditionals="2" coveredconditionals="2" methods="7" coveredmethods="5" elements="19" coveredelements="17" complexity="0" loc="10" ncloc="10" packages="2" files="3" classes="3"/>
    <package name="base-pruebas">
      <metrics statements="9" coveredstatements="9" conditionals="2" coveredconditionals="2" methods="7" coveredmethods="5"/>
      <file name="08-imp-exp.js" path="C:\Users\jesus\proyectos node react angular\React-Fernando-Herrera\01-React FH1\src\base-pruebas\08-imp-exp.js">
        <metrics statements="2" coveredstatements="2" conditionals="0" coveredconditionals="0" methods="4" coveredmethods="2"/>
        <line num="8" count="6" type="stmt"/>
        <line num="11" count="1" type="stmt"/>
      </file>
      <file name="09-promesas.js" path="C:\Users\jesus\proyectos node react angular\React-Fernando-Herrera\01-React FH1\src\base-pruebas\09-promesas.js">
        <metrics statements="7" coveredstatements="7" conditionals="2" coveredconditionals="2" methods="3" coveredmethods="3"/>
        <line num="20" count="1" type="stmt"/>
        <line num="22" count="2" type="stmt"/>
        <line num="24" count="2" type="stmt"/>
        <line num="27" count="2" type="stmt"/>
        <line num="28" count="2" type="cond" truecount="2" falsecount="0"/>
        <line num="29" count="1" type="stmt"/>
        <line num="31" count="1" type="stmt"/>
      </file>
    </package>
    <package name="data">
      <metrics statements="1" coveredstatements="1" conditionals="0" coveredconditionals="0" methods="0" coveredmethods="0"/>
      <file name="heroes.js" path="C:\Users\jesus\proyectos node react angular\React-Fernando-Herrera\01-React FH1\src\data\heroes.js">
        <metrics statements="1" coveredstatements="1" conditionals="0" coveredconditionals="0" methods="0" coveredmethods="0"/>
        <line num="1" count="1" type="stmt"/>
      </file>
    </package>
  </project>
</coverage>
