{"C:\\Users\\jesus\\proyectos node react angular\\React-Fernando-Herrera\\01-React FH1\\src\\base-pruebas\\08-imp-exp.js": {"path":"C:\\Users\\jesus\\proyectos node react angular\\React-Fernando-Herrera\\01-React FH1\\src\\base-pruebas\\08-imp-exp.js","statementMap":{"0":{"start":{"line":8,"column":28},"end":{"line":8,"column":77}},"1":{"start":{"line":8,"column":36},"end":{"line":8,"column":77}},"2":{"start":{"line":8,"column":60},"end":{"line":8,"column":75}},"3":{"start":{"line":11,"column":32},"end":{"line":11,"column":94}},"4":{"start":{"line":11,"column":45},"end":{"line":11,"column":94}},"5":{"start":{"line":11,"column":71},"end":{"line":11,"column":92}}},"fnMap":{"0":{"name":"(anonymous_0)","decl":{"start":{"line":8,"column":28},"end":{"line":8,"column":29}},"loc":{"start":{"line":8,"column":36},"end":{"line":8,"column":77}},"line":8},"1":{"name":"(anonymous_1)","decl":{"start":{"line":8,"column":49},"end":{"line":8,"column":50}},"loc":{"start":{"line":8,"column":60},"end":{"line":8,"column":75}},"line":8},"2":{"name":"(anonymous_2)","decl":{"start":{"line":11,"column":32},"end":{"line":11,"column":33}},"loc":{"start":{"line":11,"column":45},"end":{"line":11,"column":94}},"line":11},"3":{"name":"(anonymous_3)","decl":{"start":{"line":11,"column":60},"end":{"line":11,"column":61}},"loc":{"start":{"line":11,"column":71},"end":{"line":11,"column":92}},"line":11}},"branchMap":{},"s":{"0":1,"1":2,"2":6,"3":1,"4":0,"5":0},"f":{"0":2,"1":6,"2":0,"3":0},"b":{},"_coverageSchema":"1a1c01bbd47fc00a2c39e90264f33305004495a9","hash":"e6e407b3001f4f26b65d7230d000493eb8877ec2"}
,"C:\\Users\\jesus\\proyectos node react angular\\React-Fernando-Herrera\\01-React FH1\\src\\base-pruebas\\09-promesas.js": {"path":"C:\\Users\\jesus\\proyectos node react angular\\React-Fernando-Herrera\\01-React FH1\\src\\base-pruebas\\09-promesas.js","statementMap":{"0":{"start":{"line":20,"column":33},"end":{"line":38,"column":1}},"1":{"start":{"line":22,"column":4},"end":{"line":35,"column":7}},"2":{"start":{"line":24,"column":8},"end":{"line":33,"column":17}},"3":{"start":{"line":27,"column":23},"end":{"line":27,"column":41}},"4":{"start":{"line":28,"column":12},"end":{"line":32,"column":13}},"5":{"start":{"line":29,"column":16},"end":{"line":29,"column":30}},"6":{"start":{"line":31,"column":16},"end":{"line":31,"column":58}}},"fnMap":{"0":{"name":"(anonymous_0)","decl":{"start":{"line":20,"column":33},"end":{"line":20,"column":34}},"loc":{"start":{"line":20,"column":43},"end":{"line":38,"column":1}},"line":20},"1":{"name":"(anonymous_1)","decl":{"start":{"line":22,"column":24},"end":{"line":22,"column":25}},"loc":{"start":{"line":22,"column":45},"end":{"line":35,"column":5}},"line":22},"2":{"name":"(anonymous_2)","decl":{"start":{"line":24,"column":20},"end":{"line":24,"column":21}},"loc":{"start":{"line":24,"column":27},"end":{"line":33,"column":9}},"line":24}},"branchMap":{"0":{"loc":{"start":{"line":28,"column":12},"end":{"line":32,"column":13}},"type":"if","locations":[{"start":{"line":28,"column":12},"end":{"line":32,"column":13}},{"start":{"line":30,"column":19},"end":{"line":32,"column":13}}],"line":28}},"s":{"0":1,"1":2,"2":2,"3":2,"4":2,"5":1,"6":1},"f":{"0":2,"1":2,"2":2},"b":{"0":[1,1]},"_coverageSchema":"1a1c01bbd47fc00a2c39e90264f33305004495a9","hash":"65afc1925024967c58f8b0f0276db16a861d175e"}
,"C:\\Users\\jesus\\proyectos node react angular\\React-Fernando-Herrera\\01-React FH1\\src\\data\\heroes.js": {"path":"C:\\Users\\jesus\\proyectos node react angular\\React-Fernando-Herrera\\01-React FH1\\src\\data\\heroes.js","statementMap":{"0":{"start":{"line":1,"column":15},"end":{"line":27,"column":1}}},"fnMap":{},"branchMap":{},"s":{"0":1},"f":{},"b":{},"_coverageSchema":"1a1c01bbd47fc00a2c39e90264f33305004495a9","hash":"f18e1e89d135ebc3c115177e237dcf40be9d2388"}
}
